<?xml version="1.0" encoding="UTF-8"?>
<!-- Generated by org.testng.reporters.JUnitXMLReporter -->
<testsuite ignored="0" hostname="TYSS-Chandana" failures="0" tests="3" name="Test" time="35.183" errors="0" timestamp="2024-05-30T19:51:30 IST">
  <testcase classname="ecom.DemoWebShop3_Test" name="script02" time="13.911"/>
  <testcase classname="ecom.DemoWebShop2_Test" name="script01" time="12.111"/>
  <testcase classname="ecom.DemoWebShop1_Test" name="launch" time="9.128"/>
</testsuite> <!-- Test -->
